Created by PLY version 3.11 (http://www.dabeaz.com/ply)

Unused terminals:

    NEWLINE

Grammar

Rule 0     S' -> STATEMENTS
Rule 1     STATEMENTS -> STATEMENT WHITESPACE STATEMENTS
Rule 2     STATEMENTS -> STATEMENT
Rule 3     STATEMENT -> KEY EQUALS VALUE PARENTHESES
Rule 4     STATEMENT -> KEY EQUALS VALUE
Rule 5     KEY -> KEYWORD
Rule 6     VALUE -> STRING
Rule 7     VALUE -> NUMBER
Rule 8     VALUE -> KEYWORD
Rule 9     PARENTHESES -> LPAREN STATEMENTS RPAREN

Terminals, with rules where they appear

EQUALS               : 3 4
KEYWORD              : 5 8
LPAREN               : 9
NEWLINE              : 
NUMBER               : 7
RPAREN               : 9
STRING               : 6
WHITESPACE           : 1
error                : 

Nonterminals, with rules where they appear

KEY                  : 3 4
PARENTHESES          : 3
STATEMENT            : 1 2
STATEMENTS           : 1 9 0
VALUE                : 3 4

Parsing method: LALR

state 0

    (0) S' -> . STATEMENTS
    (1) STATEMENTS -> . STATEMENT WHITESPACE STATEMENTS
    (2) STATEMENTS -> . STATEMENT
    (3) STATEMENT -> . KEY EQUALS VALUE PARENTHESES
    (4) STATEMENT -> . KEY EQUALS VALUE
    (5) KEY -> . KEYWORD

    KEYWORD         shift and go to state 2

    STATEMENTS                     shift and go to state 1
    KEY                            shift and go to state 4
    STATEMENT                      shift and go to state 3

state 1

    (0) S' -> STATEMENTS .



state 2

    (5) KEY -> KEYWORD .

    EQUALS          reduce using rule 5 (KEY -> KEYWORD .)


state 3

    (1) STATEMENTS -> STATEMENT . WHITESPACE STATEMENTS
    (2) STATEMENTS -> STATEMENT .

    WHITESPACE      shift and go to state 5
    $end            reduce using rule 2 (STATEMENTS -> STATEMENT .)
    RPAREN          reduce using rule 2 (STATEMENTS -> STATEMENT .)


state 4

    (3) STATEMENT -> KEY . EQUALS VALUE PARENTHESES
    (4) STATEMENT -> KEY . EQUALS VALUE

    EQUALS          shift and go to state 6


state 5

    (1) STATEMENTS -> STATEMENT WHITESPACE . STATEMENTS
    (1) STATEMENTS -> . STATEMENT WHITESPACE STATEMENTS
    (2) STATEMENTS -> . STATEMENT
    (3) STATEMENT -> . KEY EQUALS VALUE PARENTHESES
    (4) STATEMENT -> . KEY EQUALS VALUE
    (5) KEY -> . KEYWORD

    KEYWORD         shift and go to state 2

    STATEMENTS                     shift and go to state 7
    KEY                            shift and go to state 4
    STATEMENT                      shift and go to state 3

state 6

    (3) STATEMENT -> KEY EQUALS . VALUE PARENTHESES
    (4) STATEMENT -> KEY EQUALS . VALUE
    (6) VALUE -> . STRING
    (7) VALUE -> . NUMBER
    (8) VALUE -> . KEYWORD

    STRING          shift and go to state 8
    NUMBER          shift and go to state 10
    KEYWORD         shift and go to state 9

    VALUE                          shift and go to state 11

state 7

    (1) STATEMENTS -> STATEMENT WHITESPACE STATEMENTS .

    $end            reduce using rule 1 (STATEMENTS -> STATEMENT WHITESPACE STATEMENTS .)
    RPAREN          reduce using rule 1 (STATEMENTS -> STATEMENT WHITESPACE STATEMENTS .)


state 8

    (6) VALUE -> STRING .

    LPAREN          reduce using rule 6 (VALUE -> STRING .)
    WHITESPACE      reduce using rule 6 (VALUE -> STRING .)
    $end            reduce using rule 6 (VALUE -> STRING .)
    RPAREN          reduce using rule 6 (VALUE -> STRING .)


state 9

    (8) VALUE -> KEYWORD .

    LPAREN          reduce using rule 8 (VALUE -> KEYWORD .)
    WHITESPACE      reduce using rule 8 (VALUE -> KEYWORD .)
    $end            reduce using rule 8 (VALUE -> KEYWORD .)
    RPAREN          reduce using rule 8 (VALUE -> KEYWORD .)


state 10

    (7) VALUE -> NUMBER .

    LPAREN          reduce using rule 7 (VALUE -> NUMBER .)
    WHITESPACE      reduce using rule 7 (VALUE -> NUMBER .)
    $end            reduce using rule 7 (VALUE -> NUMBER .)
    RPAREN          reduce using rule 7 (VALUE -> NUMBER .)


state 11

    (3) STATEMENT -> KEY EQUALS VALUE . PARENTHESES
    (4) STATEMENT -> KEY EQUALS VALUE .
    (9) PARENTHESES -> . LPAREN STATEMENTS RPAREN

    WHITESPACE      reduce using rule 4 (STATEMENT -> KEY EQUALS VALUE .)
    RPAREN          reduce using rule 4 (STATEMENT -> KEY EQUALS VALUE .)
    $end            reduce using rule 4 (STATEMENT -> KEY EQUALS VALUE .)
    LPAREN          shift and go to state 13

    PARENTHESES                    shift and go to state 12

state 12

    (3) STATEMENT -> KEY EQUALS VALUE PARENTHESES .

    WHITESPACE      reduce using rule 3 (STATEMENT -> KEY EQUALS VALUE PARENTHESES .)
    RPAREN          reduce using rule 3 (STATEMENT -> KEY EQUALS VALUE PARENTHESES .)
    $end            reduce using rule 3 (STATEMENT -> KEY EQUALS VALUE PARENTHESES .)


state 13

    (9) PARENTHESES -> LPAREN . STATEMENTS RPAREN
    (1) STATEMENTS -> . STATEMENT WHITESPACE STATEMENTS
    (2) STATEMENTS -> . STATEMENT
    (3) STATEMENT -> . KEY EQUALS VALUE PARENTHESES
    (4) STATEMENT -> . KEY EQUALS VALUE
    (5) KEY -> . KEYWORD

    KEYWORD         shift and go to state 2

    STATEMENTS                     shift and go to state 14
    KEY                            shift and go to state 4
    STATEMENT                      shift and go to state 3

state 14

    (9) PARENTHESES -> LPAREN STATEMENTS . RPAREN

    RPAREN          shift and go to state 15


state 15

    (9) PARENTHESES -> LPAREN STATEMENTS RPAREN .

    WHITESPACE      reduce using rule 9 (PARENTHESES -> LPAREN STATEMENTS RPAREN .)
    $end            reduce using rule 9 (PARENTHESES -> LPAREN STATEMENTS RPAREN .)
    RPAREN          reduce using rule 9 (PARENTHESES -> LPAREN STATEMENTS RPAREN .)

